<?xml version="1.0" encoding="UTF-8"?>
<testsuite name="org.gui.CalcTest" tests="4" skipped="0" failures="0" errors="0" timestamp="2021-06-14T12:10:16" hostname="DESKTOP-LBS5585" time="0.012">
  <properties/>
  <testcase name="czyMnozyPrawidlowo()" classname="org.gui.CalcTest" time="0.009"/>
  <testcase name="czyDodajePrawidlowo()" classname="org.gui.CalcTest" time="0.0"/>
  <testcase name="czyOdejmujePrawidlowo()" classname="org.gui.CalcTest" time="0.001"/>
  <testcase name="czyDzieliPrawidlowo()" classname="org.gui.CalcTest" time="0.001"/>
  <system-out><![CDATA[]]></system-out>
  <system-err><![CDATA[]]></system-err>
</testsuite>
